<?xml version="1.0" encoding="UTF-8"?>
<testsuite name="GameTest" tests="1" skipped="0" failures="0" errors="0" timestamp="2020-10-22T09:38:16" hostname="DESKTOP-623O6NC" time="0.002">
  <properties/>
  <testcase name="FR01Test" classname="GameTest" time="0.002"/>
  <system-out><![CDATA[]]></system-out>
  <system-err><![CDATA[]]></system-err>
</testsuite>
